<?xml version="1.0" encoding="UTF-8"?>
<!-- Generated by org.testng.reporters.JUnitReportReporter -->
<testsuite hostname="LAPTOP-JDNDOPLP" failures="0" tests="3" name="RestAssuredTrial.RestAssuredDemo" time="9.473" errors="0" timestamp="2022-02-02T22:59:33 IST" skipped="0">
  <testcase classname="RestAssuredTrial.RestAssuredDemo" name="api1" time="5.192"/>
  <system-out/>
  <testcase classname="RestAssuredTrial.RestAssuredDemo" name="api3" time="2.122"/>
  <system-out/>
  <testcase classname="RestAssuredTrial.RestAssuredDemo" name="api2" time="2.159"/>
  <system-out/>
</testsuite> <!-- RestAssuredTrial.RestAssuredDemo -->
